<?xml version="1.0" encoding="utf-8"?>
<UpgradeLog>
  <Settings>
    <Setting Name="LogFile" Value="PhraseALator.log" />
    <Setting Name="GenerateInterfacesForClasses" Value="FALSE" />
    <Setting Name="ProjectName" Value="PhraseALator" />
    <Setting Name="OutputName" Value="PhraseALator.csproj" />
    <Setting Name="OutputDir" Value="C:\Users\headk\Desktop\Audio\PhraseALator.Net\Upgraded\" />
    <Setting Name="ProjectPath" Value="C:\Users\headk\Desktop\Audio\PhraseALator\PhraseALator.vbp" />
    <Setting Name="MigrateProjectTo" Value="WinExe" />
  </Settings>
  <File OldPath="C:\Users\headk\Desktop\Audio\PhraseALator\SpeakJetEEPROM.frm" NewPath="C:\Users\headk\Desktop\Audio\PhraseALator.Net\Upgraded\SpeakJetEEPROM.cs" FileType="Form" Upgraded="True">
    <Section Name="(Layout)">
      <Issue Type="Design" Number="2038" ObjectName="frmEEPROM" ObjectType="Form" PME="ScaleMode" Qty="1">Form property Me.ScaleMode is not supported.</Issue>
      <Issue Type="Design" Number="2064" ObjectName="_Phrase_12" ObjectType="Label" PME="WordWrap" Qty="1">Label property _Phrase_12.WordWrap was not upgraded.</Issue>
      <Issue Type="Design" Number="2064" ObjectName="_Phrase_13" ObjectType="Label" PME="WordWrap" Qty="1">Label property _Phrase_13.WordWrap was not upgraded.</Issue>
      <Issue Type="Design" Number="2064" ObjectName="_Phrase_14" ObjectType="Label" PME="WordWrap" Qty="1">Label property _Phrase_14.WordWrap was not upgraded.</Issue>
      <Issue Type="Design" Number="2064" ObjectName="_Phrase_15" ObjectType="Label" PME="WordWrap" Qty="1">Label property _Phrase_15.WordWrap was not upgraded.</Issue>
      <Issue Type="Design" Number="2064" ObjectName="_Phrase_8" ObjectType="Label" PME="WordWrap" Qty="1">Label property _Phrase_8.WordWrap was not upgraded.</Issue>
      <Issue Type="Design" Number="2064" ObjectName="_Phrase_9" ObjectType="Label" PME="WordWrap" Qty="1">Label property _Phrase_9.WordWrap was not upgraded.</Issue>
      <Issue Type="Design" Number="2064" ObjectName="_Phrase_10" ObjectType="Label" PME="WordWrap" Qty="1">Label property _Phrase_10.WordWrap was not upgraded.</Issue>
      <Issue Type="Design" Number="2064" ObjectName="_Phrase_11" ObjectType="Label" PME="WordWrap" Qty="1">Label property _Phrase_11.WordWrap was not upgraded.</Issue>
      <Issue Type="Design" Number="2064" ObjectName="_Phrase_7" ObjectType="Label" PME="WordWrap" Qty="1">Label property _Phrase_7.WordWrap was not upgraded.</Issue>
      <Issue Type="Design" Number="2064" ObjectName="_Phrase_6" ObjectType="Label" PME="WordWrap" Qty="1">Label property _Phrase_6.WordWrap was not upgraded.</Issue>
      <Issue Type="Design" Number="2064" ObjectName="_Phrase_5" ObjectType="Label" PME="WordWrap" Qty="1">Label property _Phrase_5.WordWrap was not upgraded.</Issue>
      <Issue Type="Design" Number="2064" ObjectName="_Phrase_4" ObjectType="Label" PME="WordWrap" Qty="1">Label property _Phrase_4.WordWrap was not upgraded.</Issue>
      <Issue Type="Design" Number="2064" ObjectName="_Phrase_3" ObjectType="Label" PME="WordWrap" Qty="1">Label property _Phrase_3.WordWrap was not upgraded.</Issue>
      <Issue Type="Design" Number="2064" ObjectName="_Phrase_2" ObjectType="Label" PME="WordWrap" Qty="1">Label property _Phrase_2.WordWrap was not upgraded.</Issue>
      <Issue Type="Design" Number="2064" ObjectName="_Phrase_1" ObjectType="Label" PME="WordWrap" Qty="1">Label property _Phrase_1.WordWrap was not upgraded.</Issue>
      <Issue Type="Design" Number="2064" ObjectName="_Phrase_0" ObjectType="Label" PME="WordWrap" Qty="1">Label property _Phrase_0.WordWrap was not upgraded.</Issue>
      <Issue Type="Design" Number="2068" Qty="2">ControlArray object was not upgraded.</Issue>
    </Section>
    <Section Name="Form_Load">
      <Issue Type="Runtime" Number="2080" ObjectType="Form" PME="Load" Qty="1">Form_Load event was upgraded to Form_Load method and has a new behavior.</Issue>
    </Section>
  </File>
  <File OldPath="C:\Users\headk\Desktop\Audio\PhraseALator\SpeakJetUtility.frm" NewPath="C:\Users\headk\Desktop\Audio\PhraseALator.Net\Upgraded\SpeakJetUtility.cs" FileType="Form" Upgraded="True">
    <Section Name="(Layout)">
      <Issue Type="Design" Number="2038" ObjectName="frmUtility" ObjectType="Form" PME="ScaleMode" Qty="1">Form property Me.ScaleMode is not supported.</Issue>
    </Section>
    <Section Name="Form_Load">
      <Issue Type="Runtime" Number="6021" Qty="1">Casting 'string' to Enum may cause different behaviour.</Issue>
      <Issue Type="Runtime" Number="2080" ObjectType="Form" PME="Load" Qty="1">Form_Load event was upgraded to Form_Load method and has a new behavior.</Issue>
    </Section>
  </File>
  <File OldPath="C:\Users\headk\Desktop\Audio\PhraseALator\SpeakJetPhrase.frm" NewPath="C:\Users\headk\Desktop\Audio\PhraseALator.Net\Upgraded\SpeakJetPhrase.cs" FileType="Form" Upgraded="True">
    <Section Name="(Layout)">
      <Issue Type="Design" Number="2038" ObjectName="frmPhrase" ObjectType="Form" PME="ScaleMode" Qty="1">Form property Me.ScaleMode is not supported.</Issue>
      <Issue Type="Design" Number="6020" Qty="1">The length of array 'Command1' was set to the maximun used index.</Issue>
      <Issue Type="Design" Number="2068" Qty="1">ControlArray object was not upgraded.</Issue>
    </Section>
    <Section Name="Form_Load">
      <Issue Type="Runtime" Number="2080" ObjectType="Form" PME="Load" Qty="1">Form_Load event was upgraded to Form_Load method and has a new behavior.</Issue>
    </Section>
  </File>
  <File OldPath="C:\Users\headk\Desktop\Audio\PhraseALator\SpeakJetConfig.frm" NewPath="C:\Users\headk\Desktop\Audio\PhraseALator.Net\Upgraded\SpeakJetConfig.cs" FileType="Form" Upgraded="True">
    <Section Name="(Layout)">
      <Issue Type="Design" Number="2038" ObjectName="frmButtons" ObjectType="Form" PME="ScaleMode" Qty="1">Form property Me.ScaleMode is not supported.</Issue>
      <Issue Type="Design" Number="2068" Qty="7">ControlArray object was not upgraded.</Issue>
    </Section>
    <Section Name="Form_Load">
      <Issue Type="Runtime" Number="6021" ObjectName="chPlay" ObjectType="CheckBox" PME="Value" Qty="1">Casting 'string' to Enum may cause different behaviour.</Issue>
      <Issue Type="Runtime" Number="6021" ObjectName="chClear" ObjectType="CheckBox" PME="Value" Qty="1">Casting 'string' to Enum may cause different behaviour.</Issue>
      <Issue Type="Runtime" Number="6021" ObjectName="chRestart" ObjectType="CheckBox" PME="Value" Qty="1">Casting 'string' to Enum may cause different behaviour.</Issue>
      <Issue Type="Runtime" Number="6021" ObjectName="chInt" ObjectType="CheckBox" PME="Value" Qty="1">Casting 'string' to Enum may cause different behaviour.</Issue>
      <Issue Type="Runtime" Number="6021" ObjectName="chPlay" ObjectType="CheckBox" PME="Value" Qty="1">Casting 'string' to Enum may cause different behaviour.</Issue>
      <Issue Type="Runtime" Number="6021" ObjectName="chAutoSil" ObjectType="CheckBox" PME="Value" Qty="1">Casting 'string' to Enum may cause different behaviour.</Issue>
      <Issue Type="Runtime" Number="2080" ObjectType="Form" PME="Load" Qty="1">Form_Load event was upgraded to Form_Load method and has a new behavior.</Issue>
    </Section>
  </File>
  <File OldPath="C:\Users\headk\Desktop\Audio\PhraseALator\SpeakJetSynthCtrl.frm" NewPath="C:\Users\headk\Desktop\Audio\PhraseALator.Net\Upgraded\SpeakJetSynthCtrl.cs" FileType="Form" Upgraded="True">
    <Section Name="(Layout)">
      <Issue Type="Design" Number="2038" ObjectName="FrmSynthCtrl" ObjectType="Form" PME="ScaleMode" Qty="1">Form property Me.ScaleMode is not supported.</Issue>
      <Issue Type="Design" Number="2068" Qty="11">ControlArray object was not upgraded.</Issue>
      <Issue Type="Design" Number="6020" Qty="1">The length of array 'FrameOsc' was set to the maximun used index.</Issue>
      <Issue Type="Design" Number="6020" Qty="1">The length of array 'Label1' was set to the maximun used index.</Issue>
      <Issue Type="Design" Number="6020" Qty="1">The length of array 'scFreq' was set to the maximun used index.</Issue>
      <Issue Type="Design" Number="6020" Qty="1">The length of array 'scVol' was set to the maximun used index.</Issue>
      <Issue Type="Design" Number="6020" Qty="1">The length of array 'txtFreq' was set to the maximun used index.</Issue>
      <Issue Type="Design" Number="6020" Qty="1">The length of array 'txtVol' was set to the maximun used index.</Issue>
    </Section>
    <Section Name="btnSave_Click">
      <Issue Type="Runtime" Number="2009" ObjectName="scFreq" ObjectType="HScrollBar" PME="Value" Qty="1">Can't resolve the name of control scFreq( X ).</Issue>
      <Issue Type="Runtime" Number="2009" ObjectName="scVol" ObjectType="HScrollBar" PME="Value" Qty="1">Can't resolve the name of control scVol( X ).</Issue>
    </Section>
    <Section Name="Command1_Click">
      <Issue Type="Runtime" Number="2009" ObjectName="scFreq" ObjectType="HScrollBar" PME="Value" Qty="1">Can't resolve the name of control scFreq( X ).</Issue>
    </Section>
    <Section Name="Command2_Click">
      <Issue Type="Runtime" Number="2009" ObjectName="scVol" ObjectType="HScrollBar" PME="Value" Qty="1">Can't resolve the name of control scVol( 1 ).</Issue>
      <Issue Type="Runtime" Number="2009" ObjectName="scVol" ObjectType="HScrollBar" PME="Value" Qty="1">Can't resolve the name of control scVol( 2 ).</Issue>
      <Issue Type="Runtime" Number="2009" ObjectName="scVol" ObjectType="HScrollBar" PME="Value" Qty="1">Can't resolve the name of control scVol( 3 ).</Issue>
    </Section>
    <Section Name="Command3_Click">
      <Issue Type="Runtime" Number="2009" ObjectName="scFreq" ObjectType="HScrollBar" PME="Value" Qty="1">Can't resolve the name of control scFreq( 1 ).</Issue>
      <Issue Type="Runtime" Number="2009" ObjectName="scFreq" ObjectType="HScrollBar" PME="Value" Qty="1">Can't resolve the name of control scFreq( 2 ).</Issue>
      <Issue Type="Runtime" Number="2009" ObjectName="scFreq" ObjectType="HScrollBar" PME="Value" Qty="1">Can't resolve the name of control scFreq( 3 ).</Issue>
    </Section>
    <Section Name="Form_Load">
      <Issue Type="Runtime" Number="2080" ObjectType="Form" PME="Load" Qty="1">Form_Load event was upgraded to Form_Load method and has a new behavior.</Issue>
    </Section>
    <Section Name="scFreq_Change">
      <Issue Type="Runtime" Number="2009" ObjectName="scFreq" ObjectType="HScrollBar" PME="Value" Qty="2">Can't resolve the name of control scFreq( Index ).</Issue>
    </Section>
    <Section Name="scFreq_Scroll">
      <Issue Type="Runtime" Number="2009" ObjectName="scFreq" ObjectType="HScrollBar" PME="Value" Qty="2">Can't resolve the name of control scFreq( Index ).</Issue>
    </Section>
    <Section Name="scLevel_Change">
      <Issue Type="Runtime" Number="2009" ObjectName="scLevel" ObjectType="HScrollBar" PME="Value" Qty="2">Can't resolve the name of control scLevel( Index ).</Issue>
    </Section>
    <Section Name="scLevel_Scroll">
      <Issue Type="Runtime" Number="2009" ObjectName="scLevel" ObjectType="HScrollBar" PME="Value" Qty="2">Can't resolve the name of control scLevel( Index ).</Issue>
    </Section>
    <Section Name="scVol_Change">
      <Issue Type="Runtime" Number="2009" ObjectName="scVol" ObjectType="HScrollBar" PME="Value" Qty="2">Can't resolve the name of control scVol( Index ).</Issue>
    </Section>
    <Section Name="scVol_Scroll">
      <Issue Type="Runtime" Number="2009" ObjectName="scVol" ObjectType="HScrollBar" PME="Value" Qty="2">Can't resolve the name of control scVol( Index ).</Issue>
    </Section>
    <Section Name="CheckVolumeLimits">
      <Issue Type="Runtime" Number="2009" ObjectName="scVol" ObjectType="HScrollBar" PME="Value" Qty="1">Can't resolve the name of control scVol( 1 ).</Issue>
      <Issue Type="Runtime" Number="2009" ObjectName="scVol" ObjectType="HScrollBar" PME="Value" Qty="1">Can't resolve the name of control scVol( 2 ).</Issue>
      <Issue Type="Runtime" Number="2009" ObjectName="scVol" ObjectType="HScrollBar" PME="Value" Qty="1">Can't resolve the name of control scVol( 3 ).</Issue>
    </Section>
    <Section Name="scVolAdjTone_GotFocus">
      <Issue Type="Runtime" Number="2009" ObjectName="scVol" ObjectType="HScrollBar" PME="Value" Qty="1">Can't resolve the name of control scVol( 1 ).</Issue>
      <Issue Type="Runtime" Number="2009" ObjectName="scVol" ObjectType="HScrollBar" PME="Value" Qty="1">Can't resolve the name of control scVol( 2 ).</Issue>
      <Issue Type="Runtime" Number="2009" ObjectName="scVol" ObjectType="HScrollBar" PME="Value" Qty="1">Can't resolve the name of control scVol( 3 ).</Issue>
    </Section>
    <Section Name="scFreqAdjTone_GotFocus">
      <Issue Type="Runtime" Number="2009" ObjectName="scFreq" ObjectType="HScrollBar" PME="Value" Qty="1">Can't resolve the name of control scFreq( 1 ).</Issue>
      <Issue Type="Runtime" Number="2009" ObjectName="scFreq" ObjectType="HScrollBar" PME="Value" Qty="1">Can't resolve the name of control scFreq( 2 ).</Issue>
      <Issue Type="Runtime" Number="2009" ObjectName="scFreq" ObjectType="HScrollBar" PME="Value" Qty="1">Can't resolve the name of control scFreq( 3 ).</Issue>
    </Section>
  </File>
  <File OldPath="C:\Users\headk\Desktop\Audio\PhraseALator\SpeakJetBaudRate.frm" NewPath="C:\Users\headk\Desktop\Audio\PhraseALator.Net\Upgraded\SpeakJetBaudRate.cs" FileType="Form" Upgraded="True">
    <Section Name="(Layout)">
      <Issue Type="Design" Number="2038" ObjectName="frmBaudRate" ObjectType="Form" PME="ScaleMode" Qty="1">Form property Me.ScaleMode is not supported.</Issue>
      <Issue Type="Design" Number="6020" Qty="1">The length of array 'Option1' was set to the maximun used index.</Issue>
      <Issue Type="Design" Number="2068" Qty="1">ControlArray object was not upgraded.</Issue>
    </Section>
    <Section Name="Form_Load">
      <Issue Type="Runtime" Number="2080" ObjectType="Form" PME="Load" Qty="1">Form_Load event was upgraded to Form_Load method and has a new behavior.</Issue>
    </Section>
  </File>
  <File OldPath="C:\Users\headk\Desktop\Audio\PhraseALator\SpeakJetDictEdit.frm" NewPath="C:\Users\headk\Desktop\Audio\PhraseALator.Net\Upgraded\SpeakJetDictEdit.cs" FileType="Form" Upgraded="True">
    <Section Name="(Layout)">
      <Issue Type="Design" Number="2038" ObjectName="frmDictEdit" ObjectType="Form" PME="ScaleMode" Qty="1">Form property Me.ScaleMode is not supported.</Issue>
    </Section>
    <Section Name="Form_Load">
      <Issue Type="Runtime" Number="2080" ObjectType="Form" PME="Load" Qty="1">Form_Load event was upgraded to Form_Load method and has a new behavior.</Issue>
    </Section>
  </File>
  <File OldPath="C:\Users\headk\Desktop\Audio\PhraseALator\SpeakJetCodes.frm" NewPath="C:\Users\headk\Desktop\Audio\PhraseALator.Net\Upgraded\SpeakJetCodes.cs" FileType="Form" Upgraded="True">
    <Section Name="(Layout)">
      <Issue Type="Design" Number="2038" ObjectName="frmCodes" ObjectType="Form" PME="ScaleMode" Qty="1">Form property Me.ScaleMode is not supported.</Issue>
    </Section>
    <Section Name="btnCopy_Click">
      <Issue Type="Runtime" Number="2081" ObjectName="Clipboard" ObjectType="Clipboard" PME="SetText" Qty="1">Clipboard.SetText has a new behavior.</Issue>
    </Section>
    <Section Name="Form_Load">
      <Issue Type="Runtime" Number="2080" ObjectType="Form" PME="Load" Qty="1">Form_Load event was upgraded to Form_Load method and has a new behavior.</Issue>
    </Section>
  </File>
  <File OldPath="C:\Users\headk\Desktop\Audio\PhraseALator\SpeakJet.bas" NewPath="C:\Users\headk\Desktop\Audio\PhraseALator.Net\Upgraded\SpeakJet.cs" FileType="Module" Upgraded="True">
    <Section Name="SendDataToSpeakJet">
      <Issue Type="Runtime" Number="1068" Qty="1">frmUtility.MSComm1.Input of type Variant is being forced to string.</Issue>
    </Section>
    <Section Name="OpenMSComm">
      <Issue Type="ToDo" Number="1065" Qty="1">Error handling statement (ComProbR) could not be converted.</Issue>
    </Section>
  </File>
</UpgradeLog>

